c:\users\design vr 06\downloads\of_v0.9.8_vs_release\apps\myapps\ir-tracking\obj\debug\ofxcvfloatimage.obj
c:\users\design vr 06\downloads\of_v0.9.8_vs_release\apps\myapps\ir-tracking\obj\debug\ofxbutton.obj
c:\users\design vr 06\downloads\of_v0.9.8_vs_release\apps\myapps\ir-tracking\obj\debug\etf.obj
c:\users\design vr 06\downloads\of_v0.9.8_vs_release\apps\myapps\ir-tracking\obj\debug\helpers.obj
c:\users\design vr 06\downloads\of_v0.9.8_vs_release\apps\myapps\ir-tracking\obj\debug\objectfinder.obj
c:\users\design vr 06\downloads\of_v0.9.8_vs_release\apps\myapps\ir-tracking\obj\debug\main.obj
c:\users\design vr 06\downloads\of_v0.9.8_vs_release\apps\myapps\ir-tracking\obj\debug\distance.obj
c:\users\design vr 06\downloads\of_v0.9.8_vs_release\apps\myapps\ir-tracking\obj\debug\skeleton.obj
c:\users\design vr 06\downloads\of_v0.9.8_vs_release\apps\myapps\ir-tracking\obj\debug\ofxcvgrayscaleimage.obj
c:\users\design vr 06\downloads\of_v0.9.8_vs_release\apps\myapps\ir-tracking\obj\debug\bone.obj
c:\users\design vr 06\downloads\of_v0.9.8_vs_release\apps\myapps\ir-tracking\obj\debug\fdog.obj
c:\users\design vr 06\downloads\of_v0.9.8_vs_release\apps\myapps\ir-tracking\obj\debug\ofxguigroup.obj
c:\users\design vr 06\downloads\of_v0.9.8_vs_release\apps\myapps\ir-tracking\obj\debug\ofxslidergroup.obj
c:\users\design vr 06\downloads\of_v0.9.8_vs_release\apps\myapps\ir-tracking\obj\debug\ofxcvshortimage.obj
c:\users\design vr 06\downloads\of_v0.9.8_vs_release\apps\myapps\ir-tracking\obj\debug\ofxtoggle.obj
c:\users\design vr 06\downloads\of_v0.9.8_vs_release\apps\myapps\ir-tracking\obj\debug\wrappers.obj
c:\users\design vr 06\downloads\of_v0.9.8_vs_release\apps\myapps\ir-tracking\obj\debug\ofxcvhaarfinder.obj
c:\users\design vr 06\downloads\of_v0.9.8_vs_release\apps\myapps\ir-tracking\obj\debug\tracker.obj
c:\users\design vr 06\downloads\of_v0.9.8_vs_release\apps\myapps\ir-tracking\obj\debug\ofapp.obj
c:\users\design vr 06\downloads\of_v0.9.8_vs_release\apps\myapps\ir-tracking\obj\debug\ofxcvcolorimage.obj
c:\users\design vr 06\downloads\of_v0.9.8_vs_release\apps\myapps\ir-tracking\obj\debug\contourfinder.obj
c:\users\design vr 06\downloads\of_v0.9.8_vs_release\apps\myapps\ir-tracking\obj\debug\utilities.obj
c:\users\design vr 06\downloads\of_v0.9.8_vs_release\apps\myapps\ir-tracking\obj\debug\calibration.obj
c:\users\design vr 06\downloads\of_v0.9.8_vs_release\apps\myapps\ir-tracking\obj\debug\ofxcvimage.obj
c:\users\design vr 06\downloads\of_v0.9.8_vs_release\apps\myapps\ir-tracking\obj\debug\kalman.obj
c:\users\design vr 06\downloads\of_v0.9.8_vs_release\apps\myapps\ir-tracking\obj\debug\ofxslider.obj
c:\users\design vr 06\downloads\of_v0.9.8_vs_release\apps\myapps\ir-tracking\obj\debug\ofxlabel.obj
c:\users\design vr 06\downloads\of_v0.9.8_vs_release\apps\myapps\ir-tracking\obj\debug\ofxvideorecorder.obj
c:\users\design vr 06\downloads\of_v0.9.8_vs_release\apps\myapps\ir-tracking\obj\debug\ofxcvcontourfinder.obj
c:\users\design vr 06\downloads\of_v0.9.8_vs_release\apps\myapps\ir-tracking\obj\debug\ofxpanel.obj
c:\users\design vr 06\downloads\of_v0.9.8_vs_release\apps\myapps\ir-tracking\obj\debug\flow.obj
c:\users\design vr 06\downloads\of_v0.9.8_vs_release\apps\myapps\ir-tracking\obj\debug\runningbackground.obj
c:\users\design vr 06\downloads\of_v0.9.8_vs_release\apps\myapps\ir-tracking\obj\debug\ofxbasegui.obj
c:\users\design vr 06\downloads\of_v0.9.8_vs_release\apps\myapps\ir-tracking\obj\debug\vc140.pdb
c:\users\design vr 06\downloads\of_v0.9.8_vs_release\apps\myapps\ir-tracking\bin\ir-tracking_debug.lib
c:\users\design vr 06\downloads\of_v0.9.8_vs_release\apps\myapps\ir-tracking\bin\ir-tracking_debug.exp
c:\users\design vr 06\downloads\of_v0.9.8_vs_release\apps\myapps\ir-tracking\bin\ir-tracking_debug.ilk
c:\users\design vr 06\downloads\of_v0.9.8_vs_release\apps\myapps\ir-tracking\bin\ir-tracking_debug.exe
c:\users\design vr 06\downloads\of_v0.9.8_vs_release\apps\myapps\ir-tracking\bin\ir-tracking_debug.pdb
c:\users\design vr 06\downloads\of_v0.9.8_vs_release\apps\myapps\ir-tracking\obj\debug\icon.res
c:\users\design vr 06\downloads\of_v0.9.8_vs_release\apps\myapps\ir-tracking\obj\debug\ir-tracking.tlog\cl.command.1.tlog
c:\users\design vr 06\downloads\of_v0.9.8_vs_release\apps\myapps\ir-tracking\obj\debug\ir-tracking.tlog\cl.read.1.tlog
c:\users\design vr 06\downloads\of_v0.9.8_vs_release\apps\myapps\ir-tracking\obj\debug\ir-tracking.tlog\cl.write.1.tlog
c:\users\design vr 06\downloads\of_v0.9.8_vs_release\apps\myapps\ir-tracking\obj\debug\ir-tracking.tlog\ir-tracking.write.1u.tlog
c:\users\design vr 06\downloads\of_v0.9.8_vs_release\apps\myapps\ir-tracking\obj\debug\ir-tracking.tlog\link.command.1.tlog
c:\users\design vr 06\downloads\of_v0.9.8_vs_release\apps\myapps\ir-tracking\obj\debug\ir-tracking.tlog\link.read.1.tlog
c:\users\design vr 06\downloads\of_v0.9.8_vs_release\apps\myapps\ir-tracking\obj\debug\ir-tracking.tlog\link.write.1.tlog
c:\users\design vr 06\downloads\of_v0.9.8_vs_release\apps\myapps\ir-tracking\obj\debug\ir-tracking.tlog\rc.command.1.tlog
c:\users\design vr 06\downloads\of_v0.9.8_vs_release\apps\myapps\ir-tracking\obj\debug\ir-tracking.tlog\rc.read.1.tlog
c:\users\design vr 06\downloads\of_v0.9.8_vs_release\apps\myapps\ir-tracking\obj\debug\ir-tracking.tlog\rc.write.1.tlog
